0 info it worked if it ends with ok
1 verbose cli [ 'C:\\Program Files\\nodejs\\\\node.exe',
1 verbose cli   'C:\\Program Files\\nodejs\\node_modules\\npm\\bin\\npm-cli.js',
1 verbose cli   'install',
1 verbose cli   'bcrypt' ]
2 info using npm@2.11.3
3 info using node@v0.12.7
4 verbose install initial load of D:\eclipse workspce\Lab2_facebook\package.json
5 verbose installManyTop reading scoped package data from D:\eclipse workspce\Lab2_facebook\node_modules\amqp\package.json
6 verbose installManyTop reading scoped package data from D:\eclipse workspce\Lab2_facebook\node_modules\b\package.json
7 verbose installManyTop reading scoped package data from D:\eclipse workspce\Lab2_facebook\node_modules\bootstrap\package.json
8 verbose installManyTop reading scoped package data from D:\eclipse workspce\Lab2_facebook\node_modules\cached-request\package.json
9 verbose installManyTop reading scoped package data from D:\eclipse workspce\Lab2_facebook\node_modules\client-sessions\package.json
10 verbose installManyTop reading scoped package data from D:\eclipse workspce\Lab2_facebook\node_modules\connect\package.json
11 verbose installManyTop reading scoped package data from D:\eclipse workspce\Lab2_facebook\node_modules\connect-mongo\package.json
12 verbose installManyTop reading scoped package data from D:\eclipse workspce\Lab2_facebook\node_modules\crypt\package.json
13 verbose installManyTop reading scoped package data from D:\eclipse workspce\Lab2_facebook\node_modules\ejs\package.json
14 verbose installManyTop reading scoped package data from D:\eclipse workspce\Lab2_facebook\node_modules\errorhandler\package.json
15 verbose installManyTop reading scoped package data from D:\eclipse workspce\Lab2_facebook\node_modules\express\package.json
16 verbose installManyTop reading scoped package data from D:\eclipse workspce\Lab2_facebook\node_modules\express-session\package.json
17 verbose installManyTop reading scoped package data from D:\eclipse workspce\Lab2_facebook\node_modules\mongodb\package.json
18 verbose installManyTop reading scoped package data from D:\eclipse workspce\Lab2_facebook\node_modules\node-gyp\package.json
19 info package.json amqp@0.2.4 No license field.
20 info package.json b@2.0.1 No license field.
21 info package.json client-sessions@0.7.0 No license field.
22 info package.json cached-request@0.1.4 No license field.
23 info package.json connect-mongo@0.8.2 No license field.
24 info package.json crypt@0.0.1 No license field.
25 info package.json express@3.2.6 No license field.
26 verbose readDependencies loading dependencies from D:\eclipse workspce\Lab2_facebook\package.json
27 silly cache add args [ 'bcrypt', null ]
28 verbose cache add spec bcrypt
29 silly cache add parsed spec { raw: 'bcrypt',
29 silly cache add   scope: null,
29 silly cache add   name: 'bcrypt',
29 silly cache add   rawSpec: '',
29 silly cache add   spec: '*',
29 silly cache add   type: 'range' }
30 silly addNamed bcrypt@*
31 verbose addNamed "*" is a valid semver range for bcrypt
32 silly addNameRange { name: 'bcrypt', range: '*', hasData: false }
33 silly mapToRegistry name bcrypt
34 silly mapToRegistry using default registry
35 silly mapToRegistry registry https://registry.npmjs.org/
36 silly mapToRegistry uri https://registry.npmjs.org/bcrypt
37 verbose addNameRange registry:https://registry.npmjs.org/bcrypt not in flight; fetching
38 verbose request uri https://registry.npmjs.org/bcrypt
39 verbose request no auth needed
40 info attempt registry request try #1 at 10:44:56 AM
41 verbose request id 9caa6c80ee284ee0
42 verbose etag "8MIE4A7QKRLFZH9ARZ81AYQ8V"
43 http request GET https://registry.npmjs.org/bcrypt
44 http 304 https://registry.npmjs.org/bcrypt
45 silly get cb [ 304,
45 silly get   { date: 'Sun, 08 Nov 2015 18:44:57 GMT',
45 silly get     via: '1.1 varnish',
45 silly get     'cache-control': 'max-age=60',
45 silly get     etag: '"8MIE4A7QKRLFZH9ARZ81AYQ8V"',
45 silly get     age: '0',
45 silly get     connection: 'keep-alive',
45 silly get     'x-served-by': 'cache-lax1427-LAX',
45 silly get     'x-cache': 'HIT',
45 silly get     'x-cache-hits': '1',
45 silly get     'x-timer': 'S1447008297.191358,VS0,VE333',
45 silly get     vary: 'Accept' } ]
46 verbose etag https://registry.npmjs.org/bcrypt from cache
47 verbose get saving bcrypt to C:\Users\chand.LAPTOP-RILD6UH1\AppData\Roaming\npm-cache\registry.npmjs.org\bcrypt\.cache.json
48 silly addNameRange number 2 { name: 'bcrypt', range: '*', hasData: true }
49 silly addNameRange versions [ 'bcrypt',
49 silly addNameRange   [ '0.1.2',
49 silly addNameRange     '0.2.0',
49 silly addNameRange     '0.2.1',
49 silly addNameRange     '0.1.3',
49 silly addNameRange     '0.2.2',
49 silly addNameRange     '0.2.3',
49 silly addNameRange     '0.2.4',
49 silly addNameRange     '0.3.0',
49 silly addNameRange     '0.3.1',
49 silly addNameRange     '0.3.2',
49 silly addNameRange     '0.4.0',
49 silly addNameRange     '0.4.1',
49 silly addNameRange     '0.5.0',
49 silly addNameRange     '0.6.0',
49 silly addNameRange     '0.7.0',
49 silly addNameRange     '0.7.1',
49 silly addNameRange     '0.7.2',
49 silly addNameRange     '0.7.3',
49 silly addNameRange     '0.7.4',
49 silly addNameRange     '0.7.5',
49 silly addNameRange     '0.7.6',
49 silly addNameRange     '0.7.7',
49 silly addNameRange     '0.7.8',
49 silly addNameRange     '0.8.0',
49 silly addNameRange     '0.8.1',
49 silly addNameRange     '0.8.2',
49 silly addNameRange     '0.8.3',
49 silly addNameRange     '0.8.4',
49 silly addNameRange     '0.8.5' ] ]
50 silly addNamed bcrypt@0.8.5
51 verbose addNamed "0.8.5" is a plain semver version for bcrypt
52 silly cache afterAdd bcrypt@0.8.5
53 verbose afterAdd C:\Users\chand.LAPTOP-RILD6UH1\AppData\Roaming\npm-cache\bcrypt\0.8.5\package\package.json not in flight; writing
54 verbose afterAdd C:\Users\chand.LAPTOP-RILD6UH1\AppData\Roaming\npm-cache\bcrypt\0.8.5\package\package.json written
55 silly install resolved [ { name: 'bcrypt',
55 silly install resolved     description: 'A bcrypt library for NodeJS.',
55 silly install resolved     keywords:
55 silly install resolved      [ 'bcrypt',
55 silly install resolved        'password',
55 silly install resolved        'auth',
55 silly install resolved        'authentication',
55 silly install resolved        'encryption',
55 silly install resolved        'crypt',
55 silly install resolved        'crypto' ],
55 silly install resolved     main: './bcrypt',
55 silly install resolved     version: '0.8.5',
55 silly install resolved     author: { name: 'Nick Campbell', url: 'https://github.com/ncb000gt' },
55 silly install resolved     engines: { node: '>= 0.6.0' },
55 silly install resolved     repository:
55 silly install resolved      { type: 'git',
55 silly install resolved        url: 'git+https://github.com/ncb000gt/node.bcrypt.js.git' },
55 silly install resolved     license: 'MIT',
55 silly install resolved     bugs: { url: 'https://github.com/ncb000gt/node.bcrypt.js/issues' },
55 silly install resolved     scripts:
55 silly install resolved      { test: 'node-gyp configure build && nodeunit test',
55 silly install resolved        install: 'node-gyp rebuild' },
55 silly install resolved     dependencies: { bindings: '1.2.1', nan: '2.0.5' },
55 silly install resolved     devDependencies: { nodeunit: '~0.9.1' },
55 silly install resolved     contributors:
55 silly install resolved      [ [Object],
55 silly install resolved        [Object],
55 silly install resolved        [Object],
55 silly install resolved        [Object],
55 silly install resolved        [Object],
55 silly install resolved        [Object],
55 silly install resolved        [Object],
55 silly install resolved        [Object],
55 silly install resolved        [Object],
55 silly install resolved        [Object],
55 silly install resolved        [Object],
55 silly install resolved        [Object],
55 silly install resolved        [Object],
55 silly install resolved        [Object] ],
55 silly install resolved     gypfile: true,
55 silly install resolved     gitHead: '5d97708f06754d7d7989c67ba867002d10013615',
55 silly install resolved     homepage: 'https://github.com/ncb000gt/node.bcrypt.js#readme',
55 silly install resolved     _id: 'bcrypt@0.8.5',
55 silly install resolved     _shasum: '8e5b81b4db80e944f440005979ca8d58a961861d',
55 silly install resolved     _from: 'bcrypt@*',
55 silly install resolved     _npmVersion: '2.13.3',
55 silly install resolved     _nodeVersion: '3.0.0',
55 silly install resolved     _npmUser: { name: 'defunctzombie', email: 'shtylman@gmail.com' },
55 silly install resolved     dist:
55 silly install resolved      { shasum: '8e5b81b4db80e944f440005979ca8d58a961861d',
55 silly install resolved        tarball: 'http://registry.npmjs.org/bcrypt/-/bcrypt-0.8.5.tgz' },
55 silly install resolved     maintainers: [ [Object], [Object], [Object], [Object] ],
55 silly install resolved     directories: {},
55 silly install resolved     _resolved: 'https://registry.npmjs.org/bcrypt/-/bcrypt-0.8.5.tgz',
55 silly install resolved     readme: 'ERROR: No README data found!' } ]
56 info install bcrypt@0.8.5 into D:\eclipse workspce\Lab2_facebook
57 info installOne bcrypt@0.8.5
58 verbose installOne of bcrypt to D:\eclipse workspce\Lab2_facebook not in flight; installing
59 verbose lock using C:\Users\chand.LAPTOP-RILD6UH1\AppData\Roaming\npm-cache\_locks\bcrypt-1d7f70f64aca0b38.lock for D:\eclipse workspce\Lab2_facebook\node_modules\bcrypt
60 silly install write writing bcrypt 0.8.5 to D:\eclipse workspce\Lab2_facebook\node_modules\bcrypt
61 verbose unbuild node_modules\bcrypt
62 silly gentlyRm D:\eclipse workspce\Lab2_facebook\node_modules\bcrypt is being purged from base D:\eclipse workspce\Lab2_facebook
63 verbose gentlyRm don't care about contents; nuking D:\eclipse workspce\Lab2_facebook\node_modules\bcrypt
64 verbose tar unpack C:\Users\chand.LAPTOP-RILD6UH1\AppData\Roaming\npm-cache\bcrypt\0.8.5\package.tgz
65 verbose tar unpacking to D:\eclipse workspce\Lab2_facebook\node_modules\bcrypt
66 silly gentlyRm D:\eclipse workspce\Lab2_facebook\node_modules\bcrypt is being purged
67 verbose gentlyRm don't care about contents; nuking D:\eclipse workspce\Lab2_facebook\node_modules\bcrypt
68 silly gunzTarPerm modes [ '777', '666' ]
69 silly gunzTarPerm extractEntry package.json
70 silly gunzTarPerm modified mode [ 'package.json', 420, 438 ]
71 silly gunzTarPerm extractEntry .npmignore
72 silly gunzTarPerm modified mode [ '.npmignore', 420, 438 ]
73 silly gunzTarPerm extractEntry README.md
74 silly gunzTarPerm modified mode [ 'README.md', 420, 438 ]
75 silly gunzTarPerm extractEntry LICENSE
76 silly gunzTarPerm modified mode [ 'LICENSE', 420, 438 ]
77 silly gunzTarPerm extractEntry bcrypt.js
78 silly gunzTarPerm modified mode [ 'bcrypt.js', 420, 438 ]
79 silly gunzTarPerm extractEntry binding.gyp
80 silly gunzTarPerm modified mode [ 'binding.gyp', 420, 438 ]
81 silly gunzTarPerm extractEntry .travis.yml
82 silly gunzTarPerm modified mode [ '.travis.yml', 420, 438 ]
83 silly gunzTarPerm extractEntry CHANGELOG.md
84 silly gunzTarPerm modified mode [ 'CHANGELOG.md', 420, 438 ]
85 silly gunzTarPerm extractEntry examples/async_compare.js
86 silly gunzTarPerm modified mode [ 'examples/async_compare.js', 420, 438 ]
87 silly gunzTarPerm extractEntry examples/forever_gen_salt.js
88 silly gunzTarPerm modified mode [ 'examples/forever_gen_salt.js', 420, 438 ]
89 silly gunzTarPerm extractEntry test/async.js
90 silly gunzTarPerm modified mode [ 'test/async.js', 420, 438 ]
91 silly gunzTarPerm extractEntry test/repetitions.js
92 silly gunzTarPerm modified mode [ 'test/repetitions.js', 420, 438 ]
93 silly gunzTarPerm extractEntry test/sync.js
94 silly gunzTarPerm modified mode [ 'test/sync.js', 420, 438 ]
95 silly gunzTarPerm extractEntry Makefile
96 silly gunzTarPerm modified mode [ 'Makefile', 420, 438 ]
97 silly gunzTarPerm extractEntry src/bcrypt.cc
98 silly gunzTarPerm modified mode [ 'src/bcrypt.cc', 420, 438 ]
99 silly gunzTarPerm extractEntry src/bcrypt_node.cc
100 silly gunzTarPerm modified mode [ 'src/bcrypt_node.cc', 420, 438 ]
101 silly gunzTarPerm extractEntry src/blowfish.cc
102 silly gunzTarPerm modified mode [ 'src/blowfish.cc', 420, 438 ]
103 silly gunzTarPerm extractEntry src/node_blf.h
104 silly gunzTarPerm modified mode [ 'src/node_blf.h', 420, 438 ]
105 silly gunzTarPerm extractEntry werker.yml
106 silly gunzTarPerm modified mode [ 'werker.yml', 420, 438 ]
107 verbose write writing to D:\eclipse workspce\Lab2_facebook\node_modules\bcrypt\package.json
108 info preinstall bcrypt@0.8.5
109 verbose readDependencies loading dependencies from D:\eclipse workspce\Lab2_facebook\node_modules\bcrypt\package.json
110 silly prepareForInstallMany adding bindings@1.2.1 from bcrypt dependencies
111 silly prepareForInstallMany adding nan@2.0.5 from bcrypt dependencies
112 verbose readDependencies loading dependencies from D:\eclipse workspce\Lab2_facebook\node_modules\bcrypt\package.json
113 silly cache add args [ 'nan@2.0.5', null ]
114 verbose cache add spec nan@2.0.5
115 silly cache add parsed spec { raw: 'nan@2.0.5',
115 silly cache add   scope: null,
115 silly cache add   name: 'nan',
115 silly cache add   rawSpec: '2.0.5',
115 silly cache add   spec: '2.0.5',
115 silly cache add   type: 'version' }
116 silly addNamed nan@2.0.5
117 verbose addNamed "2.0.5" is a plain semver version for nan
118 silly mapToRegistry name nan
119 silly mapToRegistry using default registry
120 silly mapToRegistry registry https://registry.npmjs.org/
121 silly mapToRegistry uri https://registry.npmjs.org/nan
122 verbose addNameVersion registry:https://registry.npmjs.org/nan not in flight; fetching
123 silly cache add args [ 'bindings@1.2.1', null ]
124 verbose cache add spec bindings@1.2.1
125 silly cache add parsed spec { raw: 'bindings@1.2.1',
125 silly cache add   scope: null,
125 silly cache add   name: 'bindings',
125 silly cache add   rawSpec: '1.2.1',
125 silly cache add   spec: '1.2.1',
125 silly cache add   type: 'version' }
126 silly addNamed bindings@1.2.1
127 verbose addNamed "1.2.1" is a plain semver version for bindings
128 silly mapToRegistry name bindings
129 silly mapToRegistry using default registry
130 silly mapToRegistry registry https://registry.npmjs.org/
131 silly mapToRegistry uri https://registry.npmjs.org/bindings
132 verbose addNameVersion registry:https://registry.npmjs.org/bindings not in flight; fetching
133 verbose request uri https://registry.npmjs.org/nan
134 verbose request no auth needed
135 info attempt registry request try #1 at 10:44:57 AM
136 verbose etag "CJ3ZKOY24CWA1LM0KQ4KE7PG1"
137 http request GET https://registry.npmjs.org/nan
138 verbose request uri https://registry.npmjs.org/bindings
139 verbose request no auth needed
140 info attempt registry request try #1 at 10:44:57 AM
141 verbose etag "9T1GC8LK3NF0OJU9OPHCFIKS3"
142 http request GET https://registry.npmjs.org/bindings
143 http 304 https://registry.npmjs.org/nan
144 silly get cb [ 304,
144 silly get   { date: 'Sun, 08 Nov 2015 18:44:58 GMT',
144 silly get     via: '1.1 varnish',
144 silly get     'cache-control': 'max-age=60',
144 silly get     etag: '"CJ3ZKOY24CWA1LM0KQ4KE7PG1"',
144 silly get     age: '38',
144 silly get     connection: 'keep-alive',
144 silly get     'x-served-by': 'cache-lax1422-LAX',
144 silly get     'x-cache': 'HIT',
144 silly get     'x-cache-hits': '1',
144 silly get     'x-timer': 'S1447008298.136808,VS0,VE2',
144 silly get     vary: 'Accept' } ]
145 verbose etag https://registry.npmjs.org/nan from cache
146 verbose get saving nan to C:\Users\chand.LAPTOP-RILD6UH1\AppData\Roaming\npm-cache\registry.npmjs.org\nan\.cache.json
147 http 304 https://registry.npmjs.org/bindings
148 silly get cb [ 304,
148 silly get   { date: 'Sun, 08 Nov 2015 18:44:58 GMT',
148 silly get     via: '1.1 varnish',
148 silly get     'cache-control': 'max-age=60',
148 silly get     etag: '"9T1GC8LK3NF0OJU9OPHCFIKS3"',
148 silly get     age: '38',
148 silly get     connection: 'keep-alive',
148 silly get     'x-served-by': 'cache-lax1429-LAX',
148 silly get     'x-cache': 'HIT',
148 silly get     'x-cache-hits': '1',
148 silly get     'x-timer': 'S1447008298.145947,VS0,VE0',
148 silly get     vary: 'Accept' } ]
149 verbose etag https://registry.npmjs.org/bindings from cache
150 verbose get saving bindings to C:\Users\chand.LAPTOP-RILD6UH1\AppData\Roaming\npm-cache\registry.npmjs.org\bindings\.cache.json
151 silly cache afterAdd bindings@1.2.1
152 verbose afterAdd C:\Users\chand.LAPTOP-RILD6UH1\AppData\Roaming\npm-cache\bindings\1.2.1\package\package.json not in flight; writing
153 verbose afterAdd C:\Users\chand.LAPTOP-RILD6UH1\AppData\Roaming\npm-cache\bindings\1.2.1\package\package.json written
154 silly cache afterAdd nan@2.0.5
155 verbose afterAdd C:\Users\chand.LAPTOP-RILD6UH1\AppData\Roaming\npm-cache\nan\2.0.5\package\package.json not in flight; writing
156 verbose afterAdd C:\Users\chand.LAPTOP-RILD6UH1\AppData\Roaming\npm-cache\nan\2.0.5\package\package.json written
157 silly install resolved [ { name: 'bindings',
157 silly install resolved     description: 'Helper module for loading your native module\'s .node file',
157 silly install resolved     keywords: [ 'native', 'addon', 'bindings', 'gyp', 'waf', 'c', 'c++' ],
157 silly install resolved     version: '1.2.1',
157 silly install resolved     author:
157 silly install resolved      { name: 'Nathan Rajlich',
157 silly install resolved        email: 'nathan@tootallnate.net',
157 silly install resolved        url: 'http://tootallnate.net' },
157 silly install resolved     repository:
157 silly install resolved      { type: 'git',
157 silly install resolved        url: 'git://github.com/TooTallNate/node-bindings.git' },
157 silly install resolved     main: './bindings.js',
157 silly install resolved     bugs: { url: 'https://github.com/TooTallNate/node-bindings/issues' },
157 silly install resolved     homepage: 'https://github.com/TooTallNate/node-bindings',
157 silly install resolved     license: 'MIT',
157 silly install resolved     gitHead: 'e404152ee27f8478ccbc7122ee051246e8e5ec02',
157 silly install resolved     _id: 'bindings@1.2.1',
157 silly install resolved     scripts: {},
157 silly install resolved     _shasum: '14ad6113812d2d37d72e67b4cacb4bb726505f11',
157 silly install resolved     _from: 'bindings@1.2.1',
157 silly install resolved     _npmVersion: '1.4.14',
157 silly install resolved     _npmUser: { name: 'tootallnate', email: 'nathan@tootallnate.net' },
157 silly install resolved     maintainers: [ [Object], [Object] ],
157 silly install resolved     dist:
157 silly install resolved      { shasum: '14ad6113812d2d37d72e67b4cacb4bb726505f11',
157 silly install resolved        tarball: 'http://registry.npmjs.org/bindings/-/bindings-1.2.1.tgz' },
157 silly install resolved     directories: {},
157 silly install resolved     _resolved: 'https://registry.npmjs.org/bindings/-/bindings-1.2.1.tgz',
157 silly install resolved     readme: 'ERROR: No README data found!' },
157 silly install resolved   { name: 'nan',
157 silly install resolved     version: '2.0.5',
157 silly install resolved     description: 'Native Abstractions for Node.js: C++ header for Node 0.8->0.12 compatibility',
157 silly install resolved     main: 'include_dirs.js',
157 silly install resolved     repository: { type: 'git', url: 'git://github.com/nodejs/nan.git' },
157 silly install resolved     scripts:
157 silly install resolved      { test: 'tap --gc test/js/*-test.js',
157 silly install resolved        'rebuild-tests': 'pangyp rebuild --msvs_version=2013 --directory test',
157 silly install resolved        docs: 'doc/.build.sh' },
157 silly install resolved     contributors:
157 silly install resolved      [ [Object],
157 silly install resolved        [Object],
157 silly install resolved        [Object],
157 silly install resolved        [Object],
157 silly install resolved        [Object],
157 silly install resolved        [Object],
157 silly install resolved        [Object] ],
157 silly install resolved     devDependencies:
157 silly install resolved      { bindings: '~1.2.1',
157 silly install resolved        'node-gyp': '~2.0.2',
157 silly install resolved        pangyp: '~2.2.0',
157 silly install resolved        tap: '~0.7.1',
157 silly install resolved        xtend: '~4.0.0' },
157 silly install resolved     license: 'MIT',
157 silly install resolved     gitHead: 'd13a2e9ce762fd130877b53c71d35963fa2cf689',
157 silly install resolved     bugs: { url: 'https://github.com/nodejs/nan/issues' },
157 silly install resolved     homepage: 'https://github.com/nodejs/nan#readme',
157 silly install resolved     _id: 'nan@2.0.5',
157 silly install resolved     _shasum: '365888014be1fd178db0cbfa258edf7b0cb1c408',
157 silly install resolved     _from: 'nan@2.0.5',
157 silly install resolved     _npmVersion: '2.13.3',
157 silly install resolved     _nodeVersion: '3.0.0',
157 silly install resolved     _npmUser: { name: 'kkoopa', email: 'bbyholm@abo.fi' },
157 silly install resolved     maintainers: [ [Object], [Object] ],
157 silly install resolved     dist:
157 silly install resolved      { shasum: '365888014be1fd178db0cbfa258edf7b0cb1c408',
157 silly install resolved        tarball: 'http://registry.npmjs.org/nan/-/nan-2.0.5.tgz' },
157 silly install resolved     directories: {},
157 silly install resolved     _resolved: 'https://registry.npmjs.org/nan/-/nan-2.0.5.tgz',
157 silly install resolved     readme: 'ERROR: No README data found!' } ]
158 info install bindings@1.2.1 into D:\eclipse workspce\Lab2_facebook\node_modules\bcrypt
159 info install nan@2.0.5 into D:\eclipse workspce\Lab2_facebook\node_modules\bcrypt
160 info installOne bindings@1.2.1
161 verbose installOne of bindings to D:\eclipse workspce\Lab2_facebook\node_modules\bcrypt not in flight; installing
162 info installOne nan@2.0.5
163 verbose installOne of nan to D:\eclipse workspce\Lab2_facebook\node_modules\bcrypt not in flight; installing
164 verbose lock using C:\Users\chand.LAPTOP-RILD6UH1\AppData\Roaming\npm-cache\_locks\bindings-30367c2ffce16a1e.lock for D:\eclipse workspce\Lab2_facebook\node_modules\bcrypt\node_modules\bindings
165 verbose lock using C:\Users\chand.LAPTOP-RILD6UH1\AppData\Roaming\npm-cache\_locks\nan-0b73ae1ec88b8294.lock for D:\eclipse workspce\Lab2_facebook\node_modules\bcrypt\node_modules\nan
166 silly install write writing bindings 1.2.1 to D:\eclipse workspce\Lab2_facebook\node_modules\bcrypt\node_modules\bindings
167 silly install write writing nan 2.0.5 to D:\eclipse workspce\Lab2_facebook\node_modules\bcrypt\node_modules\nan
168 verbose unbuild node_modules\bcrypt\node_modules\bindings
169 silly gentlyRm D:\eclipse workspce\Lab2_facebook\node_modules\bcrypt\node_modules\bindings is being purged from base D:\eclipse workspce\Lab2_facebook
170 verbose gentlyRm don't care about contents; nuking D:\eclipse workspce\Lab2_facebook\node_modules\bcrypt\node_modules\bindings
171 verbose unbuild node_modules\bcrypt\node_modules\nan
172 verbose tar unpack C:\Users\chand.LAPTOP-RILD6UH1\AppData\Roaming\npm-cache\bindings\1.2.1\package.tgz
173 verbose tar unpacking to D:\eclipse workspce\Lab2_facebook\node_modules\bcrypt\node_modules\bindings
174 silly gentlyRm D:\eclipse workspce\Lab2_facebook\node_modules\bcrypt\node_modules\bindings is being purged
175 verbose gentlyRm don't care about contents; nuking D:\eclipse workspce\Lab2_facebook\node_modules\bcrypt\node_modules\bindings
176 silly gunzTarPerm modes [ '777', '666' ]
177 silly gentlyRm D:\eclipse workspce\Lab2_facebook\node_modules\bcrypt\node_modules\nan is being purged from base D:\eclipse workspce\Lab2_facebook
178 verbose gentlyRm don't care about contents; nuking D:\eclipse workspce\Lab2_facebook\node_modules\bcrypt\node_modules\nan
179 verbose tar unpack C:\Users\chand.LAPTOP-RILD6UH1\AppData\Roaming\npm-cache\nan\2.0.5\package.tgz
180 verbose tar unpacking to D:\eclipse workspce\Lab2_facebook\node_modules\bcrypt\node_modules\nan
181 silly gentlyRm D:\eclipse workspce\Lab2_facebook\node_modules\bcrypt\node_modules\nan is being purged
182 verbose gentlyRm don't care about contents; nuking D:\eclipse workspce\Lab2_facebook\node_modules\bcrypt\node_modules\nan
183 silly gunzTarPerm modes [ '777', '666' ]
184 silly gunzTarPerm extractEntry package.json
185 silly gunzTarPerm modified mode [ 'package.json', 420, 438 ]
186 silly gunzTarPerm extractEntry README.md
187 silly gunzTarPerm modified mode [ 'README.md', 420, 438 ]
188 silly gunzTarPerm extractEntry bindings.js
189 silly gunzTarPerm modified mode [ 'bindings.js', 420, 438 ]
190 silly gunzTarPerm extractEntry package.json
191 silly gunzTarPerm modified mode [ 'package.json', 436, 438 ]
192 silly gunzTarPerm extractEntry README.md
193 silly gunzTarPerm modified mode [ 'README.md', 436, 438 ]
194 silly gunzTarPerm extractEntry include_dirs.js
195 silly gunzTarPerm modified mode [ 'include_dirs.js', 436, 438 ]
196 silly gunzTarPerm extractEntry nan_converters.h
197 silly gunzTarPerm modified mode [ 'nan_converters.h', 436, 438 ]
198 silly gunzTarPerm extractEntry LICENSE.md
199 silly gunzTarPerm modified mode [ 'LICENSE.md', 436, 438 ]
200 silly gunzTarPerm extractEntry .dntrc
201 silly gunzTarPerm modified mode [ '.dntrc', 436, 438 ]
202 verbose write writing to D:\eclipse workspce\Lab2_facebook\node_modules\bcrypt\node_modules\bindings\package.json
203 silly gunzTarPerm extractEntry appveyor.yml
204 silly gunzTarPerm modified mode [ 'appveyor.yml', 436, 438 ]
205 info preinstall bindings@1.2.1
206 verbose readDependencies loading dependencies from D:\eclipse workspce\Lab2_facebook\node_modules\bcrypt\node_modules\bindings\package.json
207 verbose readDependencies loading dependencies from D:\eclipse workspce\Lab2_facebook\node_modules\bcrypt\node_modules\bindings\package.json
208 silly install resolved []
209 verbose about to build D:\eclipse workspce\Lab2_facebook\node_modules\bcrypt\node_modules\bindings
210 info build D:\eclipse workspce\Lab2_facebook\node_modules\bcrypt\node_modules\bindings
211 silly gunzTarPerm extractEntry doc/new.md
212 silly gunzTarPerm modified mode [ 'doc/new.md', 436, 438 ]
213 silly gunzTarPerm extractEntry doc/.build.sh
214 silly gunzTarPerm modified mode [ 'doc/.build.sh', 509, 511 ]
215 info linkStuff bindings@1.2.1
216 silly linkStuff bindings@1.2.1 has D:\eclipse workspce\Lab2_facebook\node_modules\bcrypt\node_modules as its parent node_modules
217 silly gunzTarPerm extractEntry doc/buffers.md
218 silly gunzTarPerm modified mode [ 'doc/buffers.md', 436, 438 ]
219 silly gunzTarPerm extractEntry doc/callback.md
220 silly gunzTarPerm modified mode [ 'doc/callback.md', 436, 438 ]
221 verbose linkBins bindings@1.2.1
222 verbose linkMans bindings@1.2.1
223 verbose rebuildBundles bindings@1.2.1
224 info install bindings@1.2.1
225 info postinstall bindings@1.2.1
226 silly gunzTarPerm extractEntry doc/converters.md
227 silly gunzTarPerm modified mode [ 'doc/converters.md', 436, 438 ]
228 silly gunzTarPerm extractEntry doc/errors.md
229 silly gunzTarPerm modified mode [ 'doc/errors.md', 436, 438 ]
230 verbose unlock done using C:\Users\chand.LAPTOP-RILD6UH1\AppData\Roaming\npm-cache\_locks\bindings-30367c2ffce16a1e.lock for D:\eclipse workspce\Lab2_facebook\node_modules\bcrypt\node_modules\bindings
231 silly gunzTarPerm extractEntry doc/maybe_types.md
232 silly gunzTarPerm modified mode [ 'doc/maybe_types.md', 436, 438 ]
233 silly gunzTarPerm extractEntry doc/methods.md
234 silly gunzTarPerm modified mode [ 'doc/methods.md', 436, 438 ]
235 silly gunzTarPerm extractEntry doc/asyncworker.md
236 silly gunzTarPerm modified mode [ 'doc/asyncworker.md', 436, 438 ]
237 silly gunzTarPerm extractEntry doc/node_misc.md
238 silly gunzTarPerm modified mode [ 'doc/node_misc.md', 436, 438 ]
239 silly gunzTarPerm extractEntry doc/persistent.md
240 silly gunzTarPerm modified mode [ 'doc/persistent.md', 436, 438 ]
241 silly gunzTarPerm extractEntry doc/scopes.md
242 silly gunzTarPerm modified mode [ 'doc/scopes.md', 436, 438 ]
243 silly gunzTarPerm extractEntry doc/script.md
244 silly gunzTarPerm modified mode [ 'doc/script.md', 436, 438 ]
245 silly gunzTarPerm extractEntry doc/string_bytes.md
246 silly gunzTarPerm modified mode [ 'doc/string_bytes.md', 436, 438 ]
247 silly gunzTarPerm extractEntry doc/v8_internals.md
248 silly gunzTarPerm modified mode [ 'doc/v8_internals.md', 436, 438 ]
249 silly gunzTarPerm extractEntry doc/v8_misc.md
250 silly gunzTarPerm modified mode [ 'doc/v8_misc.md', 436, 438 ]
251 silly gunzTarPerm extractEntry nan.h
252 silly gunzTarPerm modified mode [ 'nan.h', 436, 438 ]
253 silly gunzTarPerm extractEntry nan_callbacks.h
254 silly gunzTarPerm modified mode [ 'nan_callbacks.h', 436, 438 ]
255 silly gunzTarPerm extractEntry nan_callbacks_12_inl.h
256 silly gunzTarPerm modified mode [ 'nan_callbacks_12_inl.h', 436, 438 ]
257 silly gunzTarPerm extractEntry nan_callbacks_pre_12_inl.h
258 silly gunzTarPerm modified mode [ 'nan_callbacks_pre_12_inl.h', 436, 438 ]
259 silly gunzTarPerm extractEntry nan_converters_43_inl.h
260 silly gunzTarPerm modified mode [ 'nan_converters_43_inl.h', 436, 438 ]
261 silly gunzTarPerm extractEntry nan_converters_pre_43_inl.h
262 silly gunzTarPerm modified mode [ 'nan_converters_pre_43_inl.h', 436, 438 ]
263 silly gunzTarPerm extractEntry nan_implementation_12_inl.h
264 silly gunzTarPerm modified mode [ 'nan_implementation_12_inl.h', 436, 438 ]
265 silly gunzTarPerm extractEntry nan_implementation_pre_12_inl.h
266 silly gunzTarPerm modified mode [ 'nan_implementation_pre_12_inl.h', 436, 438 ]
267 silly gunzTarPerm extractEntry nan_maybe_43_inl.h
268 silly gunzTarPerm modified mode [ 'nan_maybe_43_inl.h', 436, 438 ]
269 silly gunzTarPerm extractEntry nan_maybe_pre_43_inl.h
270 silly gunzTarPerm modified mode [ 'nan_maybe_pre_43_inl.h', 436, 438 ]
271 silly gunzTarPerm extractEntry nan_new.h
272 silly gunzTarPerm modified mode [ 'nan_new.h', 436, 438 ]
273 silly gunzTarPerm extractEntry nan_object_wrap.h
274 silly gunzTarPerm modified mode [ 'nan_object_wrap.h', 436, 438 ]
275 silly gunzTarPerm extractEntry nan_persistent_12_inl.h
276 silly gunzTarPerm modified mode [ 'nan_persistent_12_inl.h', 436, 438 ]
277 silly gunzTarPerm extractEntry nan_persistent_pre_12_inl.h
278 silly gunzTarPerm modified mode [ 'nan_persistent_pre_12_inl.h', 436, 438 ]
279 silly gunzTarPerm extractEntry nan_string_bytes.h
280 silly gunzTarPerm modified mode [ 'nan_string_bytes.h', 436, 438 ]
281 silly gunzTarPerm extractEntry nan_weak.h
282 silly gunzTarPerm modified mode [ 'nan_weak.h', 436, 438 ]
283 silly gunzTarPerm extractEntry CHANGELOG.md
284 silly gunzTarPerm modified mode [ 'CHANGELOG.md', 436, 438 ]
285 silly gunzTarPerm extractEntry tools/package.json
286 silly gunzTarPerm modified mode [ 'tools/package.json', 436, 438 ]
287 silly gunzTarPerm extractEntry tools/README.md
288 silly gunzTarPerm modified mode [ 'tools/README.md', 436, 438 ]
289 silly gunzTarPerm extractEntry tools/1to2.js
290 silly gunzTarPerm modified mode [ 'tools/1to2.js', 509, 511 ]
291 verbose write writing to D:\eclipse workspce\Lab2_facebook\node_modules\bcrypt\node_modules\nan\package.json
292 info preinstall nan@2.0.5
293 verbose readDependencies loading dependencies from D:\eclipse workspce\Lab2_facebook\node_modules\bcrypt\node_modules\nan\package.json
294 verbose readDependencies loading dependencies from D:\eclipse workspce\Lab2_facebook\node_modules\bcrypt\node_modules\nan\package.json
295 silly install resolved []
296 verbose about to build D:\eclipse workspce\Lab2_facebook\node_modules\bcrypt\node_modules\nan
297 info build D:\eclipse workspce\Lab2_facebook\node_modules\bcrypt\node_modules\nan
298 info linkStuff nan@2.0.5
299 silly linkStuff nan@2.0.5 has D:\eclipse workspce\Lab2_facebook\node_modules\bcrypt\node_modules as its parent node_modules
300 verbose linkBins nan@2.0.5
301 verbose linkMans nan@2.0.5
302 verbose rebuildBundles nan@2.0.5
303 info install nan@2.0.5
304 info postinstall nan@2.0.5
305 verbose unlock done using C:\Users\chand.LAPTOP-RILD6UH1\AppData\Roaming\npm-cache\_locks\nan-0b73ae1ec88b8294.lock for D:\eclipse workspce\Lab2_facebook\node_modules\bcrypt\node_modules\nan
306 verbose about to build D:\eclipse workspce\Lab2_facebook\node_modules\bcrypt
307 info build D:\eclipse workspce\Lab2_facebook\node_modules\bcrypt
308 info linkStuff bcrypt@0.8.5
309 silly linkStuff bcrypt@0.8.5 has D:\eclipse workspce\Lab2_facebook\node_modules as its parent node_modules
310 verbose linkBins bcrypt@0.8.5
311 verbose linkMans bcrypt@0.8.5
312 verbose rebuildBundles bcrypt@0.8.5
313 verbose rebuildBundles [ 'bindings', 'nan' ]
314 info install bcrypt@0.8.5
315 verbose unsafe-perm in lifecycle true
316 info bcrypt@0.8.5 Failed to exec install script
317 verbose unlock done using C:\Users\chand.LAPTOP-RILD6UH1\AppData\Roaming\npm-cache\_locks\bcrypt-1d7f70f64aca0b38.lock for D:\eclipse workspce\Lab2_facebook\node_modules\bcrypt
318 verbose stack Error: bcrypt@0.8.5 install: `node-gyp rebuild`
318 verbose stack Exit status 1
318 verbose stack     at EventEmitter.<anonymous> (C:\Program Files\nodejs\node_modules\npm\lib\utils\lifecycle.js:213:16)
318 verbose stack     at EventEmitter.emit (events.js:110:17)
318 verbose stack     at ChildProcess.<anonymous> (C:\Program Files\nodejs\node_modules\npm\lib\utils\spawn.js:24:14)
318 verbose stack     at ChildProcess.emit (events.js:110:17)
318 verbose stack     at maybeClose (child_process.js:1015:16)
318 verbose stack     at Process.ChildProcess._handle.onexit (child_process.js:1087:5)
319 verbose pkgid bcrypt@0.8.5
320 verbose cwd D:\eclipse workspce\Lab2_facebook
321 error Windows_NT 6.3.9600
322 error argv "C:\\Program Files\\nodejs\\\\node.exe" "C:\\Program Files\\nodejs\\node_modules\\npm\\bin\\npm-cli.js" "install" "bcrypt"
323 error node v0.12.7
324 error npm  v2.11.3
325 error code ELIFECYCLE
326 error bcrypt@0.8.5 install: `node-gyp rebuild`
326 error Exit status 1
327 error Failed at the bcrypt@0.8.5 install script 'node-gyp rebuild'.
327 error This is most likely a problem with the bcrypt package,
327 error not with npm itself.
327 error Tell the author that this fails on your system:
327 error     node-gyp rebuild
327 error You can get their info via:
327 error     npm owner ls bcrypt
327 error There is likely additional logging output above.
328 verbose exit [ 1, true ]
329 verbose unbuild node_modules\bcrypt
330 info preuninstall bcrypt@0.8.5
331 info uninstall bcrypt@0.8.5
332 verbose unbuild rmStuff bcrypt@0.8.5 from D:\eclipse workspce\Lab2_facebook\node_modules
333 info postuninstall bcrypt@0.8.5
334 silly gentlyRm D:\eclipse workspce\Lab2_facebook\node_modules\bcrypt is being purged from base D:\eclipse workspce\Lab2_facebook
335 verbose gentlyRm don't care about contents; nuking D:\eclipse workspce\Lab2_facebook\node_modules\bcrypt
336 silly vacuum-fs purging D:\eclipse workspce\Lab2_facebook\node_modules\bcrypt
337 silly vacuum-fs quitting because other entries in D:\eclipse workspce\Lab2_facebook\node_modules
